<?xml version="1.0" encoding="UTF-8"?>
<testng-results skipped="0" failed="0" ignored="0" total="1" passed="1">
  <reporter-output>
  </reporter-output>
  <suite name="Default suite" duration-ms="8091" started-at="2022-08-22T12:58:20 ICT" finished-at="2022-08-22T12:58:29 ICT">
    <groups>
    </groups>
    <test name="Default test" duration-ms="8091" started-at="2022-08-22T12:58:20 ICT" finished-at="2022-08-22T12:58:29 ICT">
      <class name="scrapProduct.scrapProduct">
        <test-method status="PASS" signature="setupDriver()[pri:0, instance:scrapProduct.scrapProduct@1f554b06]" name="setupDriver" is-config="true" duration-ms="7323" started-at="2022-08-22T12:58:13 ICT" finished-at="2022-08-22T12:58:20 ICT">
          <reporter-output>
          </reporter-output>
        </test-method> <!-- setupDriver -->
        <test-method status="PASS" signature="testScroll()[pri:0, instance:scrapProduct.scrapProduct@1f554b06]" name="testScroll" duration-ms="8015" started-at="2022-08-22T12:58:21 ICT" finished-at="2022-08-22T12:58:29 ICT">
          <reporter-output>
          </reporter-output>
        </test-method> <!-- testScroll -->
        <test-method status="PASS" signature="closeDriver()[pri:0, instance:scrapProduct.scrapProduct@1f554b06]" name="closeDriver" is-config="true" duration-ms="543" started-at="2022-08-22T12:58:29 ICT" finished-at="2022-08-22T12:58:29 ICT">
          <reporter-output>
          </reporter-output>
        </test-method> <!-- closeDriver -->
      </class> <!-- scrapProduct.scrapProduct -->
    </test> <!-- Default test -->
  </suite> <!-- Default suite -->
</testng-results>
