<?xml version="1.0" encoding="UTF-8"?>
<testng-results skipped="0" failed="0" ignored="0" total="5" passed="5">
  <reporter-output>
  </reporter-output>
  <suite name="Suite" duration-ms="467" started-at="2022-08-22T12:37:49 ICT" finished-at="2022-08-22T12:37:50 ICT">
    <groups>
      <group name="cucumber">
        <method signature="AbstractTestNGCucumberTests.runScenario(io.cucumber.testng.PickleWrapper, io.cucumber.testng.FeatureWrapper)[pri:0, instance:runner.RunnerFilesTestNG@1e6d1014]" name="runScenario" class="io.cucumber.testng.AbstractTestNGCucumberTests"/>
      </group> <!-- cucumber -->
    </groups>
    <test name="Test" duration-ms="467" started-at="2022-08-22T12:37:49 ICT" finished-at="2022-08-22T12:37:50 ICT">
      <class name="runner.RunnerFilesTestNG">
        <test-method status="PASS" signature="setUpClass()[pri:0, instance:runner.RunnerFilesTestNG@1e6d1014]" name="setUpClass" is-config="true" duration-ms="248" started-at="2022-08-22T12:37:49 ICT" finished-at="2022-08-22T12:37:50 ICT">
          <reporter-output>
          </reporter-output>
        </test-method> <!-- setUpClass -->
        <test-method status="PASS" signature="runScenario(io.cucumber.testng.PickleWrapper, io.cucumber.testng.FeatureWrapper)[pri:0, instance:runner.RunnerFilesTestNG@1e6d1014]" name="runScenario" duration-ms="130" started-at="2022-08-22T12:37:50 ICT" description="Runs Cucumber Scenarios" data-provider="scenarios" finished-at="2022-08-22T12:37:50 ICT">
          <params>
            <param index="0">
              <value>
                <![CDATA["Palindrome Test"]]>
              </value>
            </param>
            <param index="1">
              <value>
                <![CDATA["Palindrome Check"]]>
              </value>
            </param>
          </params>
          <reporter-output>
          </reporter-output>
        </test-method> <!-- runScenario -->
        <test-method status="PASS" signature="runScenario(io.cucumber.testng.PickleWrapper, io.cucumber.testng.FeatureWrapper)[pri:0, instance:runner.RunnerFilesTestNG@1e6d1014]" name="runScenario" duration-ms="13" started-at="2022-08-22T12:37:50 ICT" description="Runs Cucumber Scenarios" data-provider="scenarios" finished-at="2022-08-22T12:37:50 ICT">
          <params>
            <param index="0">
              <value>
                <![CDATA["Palindrome Test"]]>
              </value>
            </param>
            <param index="1">
              <value>
                <![CDATA["Palindrome Check"]]>
              </value>
            </param>
          </params>
          <reporter-output>
          </reporter-output>
        </test-method> <!-- runScenario -->
        <test-method status="PASS" signature="runScenario(io.cucumber.testng.PickleWrapper, io.cucumber.testng.FeatureWrapper)[pri:0, instance:runner.RunnerFilesTestNG@1e6d1014]" name="runScenario" duration-ms="7" started-at="2022-08-22T12:37:50 ICT" description="Runs Cucumber Scenarios" data-provider="scenarios" finished-at="2022-08-22T12:37:50 ICT">
          <params>
            <param index="0">
              <value>
                <![CDATA["Palindrome Test"]]>
              </value>
            </param>
            <param index="1">
              <value>
                <![CDATA["Palindrome Check"]]>
              </value>
            </param>
          </params>
          <reporter-output>
          </reporter-output>
        </test-method> <!-- runScenario -->
        <test-method status="PASS" signature="runScenario(io.cucumber.testng.PickleWrapper, io.cucumber.testng.FeatureWrapper)[pri:0, instance:runner.RunnerFilesTestNG@1e6d1014]" name="runScenario" duration-ms="9" started-at="2022-08-22T12:37:50 ICT" description="Runs Cucumber Scenarios" data-provider="scenarios" finished-at="2022-08-22T12:37:50 ICT">
          <params>
            <param index="0">
              <value>
                <![CDATA["Palindrome Test"]]>
              </value>
            </param>
            <param index="1">
              <value>
                <![CDATA["Palindrome Check"]]>
              </value>
            </param>
          </params>
          <reporter-output>
          </reporter-output>
        </test-method> <!-- runScenario -->
        <test-method status="PASS" signature="runScenario(io.cucumber.testng.PickleWrapper, io.cucumber.testng.FeatureWrapper)[pri:0, instance:runner.RunnerFilesTestNG@1e6d1014]" name="runScenario" duration-ms="5" started-at="2022-08-22T12:37:50 ICT" description="Runs Cucumber Scenarios" data-provider="scenarios" finished-at="2022-08-22T12:37:50 ICT">
          <params>
            <param index="0">
              <value>
                <![CDATA["Palindrome Test"]]>
              </value>
            </param>
            <param index="1">
              <value>
                <![CDATA["Palindrome Check"]]>
              </value>
            </param>
          </params>
          <reporter-output>
          </reporter-output>
        </test-method> <!-- runScenario -->
        <test-method status="PASS" signature="tearDownClass()[pri:0, instance:runner.RunnerFilesTestNG@1e6d1014]" name="tearDownClass" is-config="true" duration-ms="3" started-at="2022-08-22T12:37:50 ICT" finished-at="2022-08-22T12:37:50 ICT">
          <reporter-output>
          </reporter-output>
        </test-method> <!-- tearDownClass -->
      </class> <!-- runner.RunnerFilesTestNG -->
    </test> <!-- Test -->
  </suite> <!-- Suite -->
</testng-results>
